0 info it worked if it ends with ok
1 verbose cli [ 'C:\\Program Files\\nodejs\\node.exe',
1 verbose cli   'C:\\Program Files\\nodejs\\node_modules\\npm\\bin\\npm-cli.js',
1 verbose cli   'run',
1 verbose cli   'watch-sass' ]
2 info using npm@2.15.1
3 info using node@v4.4.4
4 verbose run-script [ 'prewatch-sass', 'watch-sass', 'postwatch-sass' ]
5 info prewatch-sass jam3test@1.0.0
6 info watch-sass jam3test@1.0.0
7 verbose unsafe-perm in lifecycle true
8 info jam3test@1.0.0 Failed to exec watch-sass script
9 verbose stack Error: jam3test@1.0.0 watch-sass: `nodemon -e sass -x "npm run build-sass"`
9 verbose stack Exit status 1
9 verbose stack     at EventEmitter.<anonymous> (C:\Program Files\nodejs\node_modules\npm\lib\utils\lifecycle.js:217:16)
9 verbose stack     at emitTwo (events.js:87:13)
9 verbose stack     at EventEmitter.emit (events.js:172:7)
9 verbose stack     at ChildProcess.<anonymous> (C:\Program Files\nodejs\node_modules\npm\lib\utils\spawn.js:24:14)
9 verbose stack     at emitTwo (events.js:87:13)
9 verbose stack     at ChildProcess.emit (events.js:172:7)
9 verbose stack     at maybeClose (internal/child_process.js:827:16)
9 verbose stack     at Process.ChildProcess._handle.onexit (internal/child_process.js:211:5)
10 verbose pkgid jam3test@1.0.0
11 verbose cwd C:\Users\Rodriguez Pertuso\Documents\GitHub\Jam3Test
12 error Windows_NT 10.0.10586
13 error argv "C:\\Program Files\\nodejs\\node.exe" "C:\\Program Files\\nodejs\\node_modules\\npm\\bin\\npm-cli.js" "run" "watch-sass"
14 error node v4.4.4
15 error npm  v2.15.1
16 error code ELIFECYCLE
17 error jam3test@1.0.0 watch-sass: `nodemon -e sass -x "npm run build-sass"`
17 error Exit status 1
18 error Failed at the jam3test@1.0.0 watch-sass script 'nodemon -e sass -x "npm run build-sass"'.
18 error This is most likely a problem with the jam3test package,
18 error not with npm itself.
18 error Tell the author that this fails on your system:
18 error     nodemon -e sass -x "npm run build-sass"
18 error You can get information on how to open an issue for this project with:
18 error     npm bugs jam3test
18 error Or if that isn't available, you can get their info via:
18 error
18 error     npm owner ls jam3test
18 error There is likely additional logging output above.
19 verbose exit [ 1, true ]
